{"/home/wangding/grunt/grunt-demo/sum.js":{"path":"/home/wangding/grunt/grunt-demo/sum.js","s":{"1":1,"2":4,"3":3,"4":1,"5":1},"b":{"1":[3,1],"2":[4,3]},"f":{"1":4},"fnMap":{"1":{"name":"add","line":1,"loc":{"start":{"line":1,"column":0},"end":{"line":1,"column":17}}}},"statementMap":{"1":{"start":{"line":1,"column":0},"end":{"line":7,"column":1}},"2":{"start":{"line":2,"column":2},"end":{"line":6,"column":3}},"3":{"start":{"line":3,"column":4},"end":{"line":3,"column":15}},"4":{"start":{"line":5,"column":4},"end":{"line":5,"column":31}},"5":{"start":{"line":9,"column":0},"end":{"line":9,"column":21}}},"branchMap":{"1":{"line":2,"type":"if","locations":[{"start":{"line":2,"column":2},"end":{"line":2,"column":2}},{"start":{"line":2,"column":2},"end":{"line":2,"column":2}}]},"2":{"line":2,"type":"binary-expr","locations":[{"start":{"line":2,"column":6},"end":{"line":2,"column":27}},{"start":{"line":2,"column":33},"end":{"line":2,"column":54}}]}}}}